1535562524247	geckodriver	INFO	geckodriver 0.21.0
1535562524279	geckodriver	INFO	Listening on 127.0.0.1:48551
1535562525264	mozrunner::runner	INFO	Running command: "/usr/bin/firefox" "-marionette" "-headless" "-foreground" "-no-remote" "-profile" "/tmp/rust_mozprofile.6luEJqSdw54Q"
*** You are running in headless mode.
1535562534683	Marionette	INFO	Listening on port 34583
1535562534694	Marionette	WARN	TLS certificate errors will be ignored for this session
JavaScript warning: http://legendas.tv/cache_js/js-combined.js, line 2: unreachable code after return statement
1535562719946	geckodriver	INFO	geckodriver 0.21.0
1535562720008	geckodriver	INFO	Listening on 127.0.0.1:53389
1535562720952	mozrunner::runner	INFO	Running command: "/usr/bin/firefox" "-marionette" "-headless" "-foreground" "-no-remote" "-profile" "/tmp/rust_mozprofile.Sg7EkX0q47Q3"
*** You are running in headless mode.
1535562728530	Marionette	INFO	Listening on port 37043
1535562728574	Marionette	WARN	TLS certificate errors will be ignored for this session
JavaScript warning: http://legendas.tv/cache_js/js-combined.js, line 2: unreachable code after return statement
1535562759705	geckodriver	INFO	geckodriver 0.21.0
1535562759713	geckodriver	INFO	Listening on 127.0.0.1:51339
1535562760721	mozrunner::runner	INFO	Running command: "/usr/bin/firefox" "-marionette" "-headless" "-foreground" "-no-remote" "-profile" "/tmp/rust_mozprofile.l5QPtzY8hAIW"
*** You are running in headless mode.
1535562767197	Marionette	INFO	Listening on port 35301
1535562767249	Marionette	WARN	TLS certificate errors will be ignored for this session
JavaScript warning: http://legendas.tv/cache_js/js-combined.js, line 2: unreachable code after return statement
1535562803368	geckodriver	INFO	geckodriver 0.21.0
1535562803374	geckodriver	INFO	Listening on 127.0.0.1:43615
1535562804376	mozrunner::runner	INFO	Running command: "/usr/bin/firefox" "-marionette" "-headless" "-foreground" "-no-remote" "-profile" "/tmp/rust_mozprofile.fQTnSRSDKCe1"
*** You are running in headless mode.
1535562810690	Marionette	INFO	Listening on port 37823
1535562810694	Marionette	WARN	TLS certificate errors will be ignored for this session
JavaScript warning: http://legendas.tv/cache_js/js-combined.js, line 2: unreachable code after return statement
1535588947265	geckodriver	INFO	geckodriver 0.21.0
1535588947332	geckodriver	INFO	Listening on 127.0.0.1:52657
1535588947373	mozrunner::runner	INFO	Running command: "/usr/bin/firefox" "-marionette" "-headless" "-foreground" "-no-remote" "-profile" "/tmp/rust_mozprofile.mfgcgeriasmo"
*** You are running in headless mode.
1535588956579	Marionette	INFO	Listening on port 44207
1535588956617	Marionette	WARN	TLS certificate errors will be ignored for this session
JavaScript warning: http://legendas.tv/cache_js/js-combined.js, line 2: unreachable code after return statement
1535588979387	geckodriver	INFO	geckodriver 0.21.0
1535588979392	geckodriver	INFO	Listening on 127.0.0.1:49661
1535588980399	mozrunner::runner	INFO	Running command: "/usr/bin/firefox" "-marionette" "-headless" "-foreground" "-no-remote" "-profile" "/tmp/rust_mozprofile.DK4rITLjXdS8"
*** You are running in headless mode.
1535588986697	Marionette	INFO	Listening on port 36949
1535588986721	Marionette	WARN	TLS certificate errors will be ignored for this session
1535588996209	geckodriver	INFO	geckodriver 0.21.0
1535588996215	geckodriver	INFO	Listening on 127.0.0.1:35225
1535588997219	mozrunner::runner	INFO	Running command: "/usr/bin/firefox" "-marionette" "-headless" "-foreground" "-no-remote" "-profile" "/tmp/rust_mozprofile.nFbZT4I3wPJt"
*** You are running in headless mode.
1535589004081	Marionette	INFO	Listening on port 33411
1535589004140	Marionette	WARN	TLS certificate errors will be ignored for this session
JavaScript warning: https://www.googletagmanager.com/gtag/js?id=UA-58643-34, line 69: unreachable code after return statement
JavaScript warning: https://www.googletagmanager.com/gtag/js?id=UA-58643-34, line 69: unreachable code after return statement
1535589071132	geckodriver	INFO	geckodriver 0.21.0
1535589071138	geckodriver	INFO	Listening on 127.0.0.1:54367
1535589072147	mozrunner::runner	INFO	Running command: "/usr/bin/firefox" "-marionette" "-headless" "-foreground" "-no-remote" "-profile" "/tmp/rust_mozprofile.KOLjGbcus9X0"
*** You are running in headless mode.
1535589078358	Marionette	INFO	Listening on port 33601
1535589078382	Marionette	WARN	TLS certificate errors will be ignored for this session
JavaScript warning: https://www.googletagmanager.com/gtag/js?id=UA-58643-34, line 69: unreachable code after return statement
JavaScript warning: https://www.googletagmanager.com/gtag/js?id=UA-58643-34, line 69: unreachable code after return statement
*** UTM:SVC TimerManager:registerTimer called after profile-before-change notification. Ignoring timer registration for id: telemetry_modules_ping
1535589260120	geckodriver	INFO	geckodriver 0.21.0
1535589260124	geckodriver	INFO	Listening on 127.0.0.1:56907
1535589261133	mozrunner::runner	INFO	Running command: "/usr/bin/firefox" "-marionette" "-headless" "-foreground" "-no-remote" "-profile" "/tmp/rust_mozprofile.hS4yRRKVInTv"
*** You are running in headless mode.
1535589266987	Marionette	INFO	Listening on port 42553
1535589267055	Marionette	WARN	TLS certificate errors will be ignored for this session
JavaScript warning: https://www.googletagmanager.com/gtag/js?id=UA-58643-34, line 69: unreachable code after return statement
JavaScript warning: https://www.googletagmanager.com/gtag/js?id=UA-58643-34, line 69: unreachable code after return statement
1535589312504	geckodriver	INFO	geckodriver 0.21.0
1535589312509	geckodriver	INFO	Listening on 127.0.0.1:45865
1535589313514	mozrunner::runner	INFO	Running command: "/usr/bin/firefox" "-marionette" "-headless" "-foreground" "-no-remote" "-profile" "/tmp/rust_mozprofile.kCqnkveOcCwz"
*** You are running in headless mode.
1535589319762	Marionette	INFO	Listening on port 45073
1535589319835	Marionette	WARN	TLS certificate errors will be ignored for this session
JavaScript warning: https://www.googletagmanager.com/gtag/js?id=UA-58643-34, line 69: unreachable code after return statement
JavaScript warning: https://www.googletagmanager.com/gtag/js?id=UA-58643-34, line 69: unreachable code after return statement
1535589371917	geckodriver	INFO	geckodriver 0.21.0
1535589371923	geckodriver	INFO	Listening on 127.0.0.1:41841
1535589372931	mozrunner::runner	INFO	Running command: "/usr/bin/firefox" "-marionette" "-headless" "-foreground" "-no-remote" "-profile" "/tmp/rust_mozprofile.pFUicJ0GC1MS"
*** You are running in headless mode.
1535589379863	Marionette	INFO	Listening on port 43087
1535589379954	Marionette	WARN	TLS certificate errors will be ignored for this session
JavaScript warning: https://www.googletagmanager.com/gtag/js?id=UA-58643-34, line 69: unreachable code after return statement
JavaScript warning: https://www.googletagmanager.com/gtag/js?id=UA-58643-34, line 69: unreachable code after return statement
*** UTM:SVC TimerManager:registerTimer called after profile-before-change notification. Ignoring timer registration for id: telemetry_modules_ping
1535589511079	geckodriver	INFO	geckodriver 0.21.0
1535589511084	geckodriver	INFO	Listening on 127.0.0.1:40083
1535589512092	mozrunner::runner	INFO	Running command: "/usr/bin/firefox" "-marionette" "-headless" "-foreground" "-no-remote" "-profile" "/tmp/rust_mozprofile.ZR0ZsTY8JZ0o"
*** You are running in headless mode.
1535589518454	Marionette	INFO	Listening on port 36383
1535589518517	Marionette	WARN	TLS certificate errors will be ignored for this session
JavaScript warning: https://www.googletagmanager.com/gtag/js?id=UA-58643-34, line 69: unreachable code after return statement
JavaScript warning: https://www.googletagmanager.com/gtag/js?id=UA-58643-34, line 69: unreachable code after return statement
1535589596562	geckodriver	INFO	geckodriver 0.21.0
1535589596567	geckodriver	INFO	Listening on 127.0.0.1:58735
1535589597577	mozrunner::runner	INFO	Running command: "/usr/bin/firefox" "-marionette" "-headless" "-foreground" "-no-remote" "-profile" "/tmp/rust_mozprofile.ccg1OEtGf3Py"
*** You are running in headless mode.
1535589603762	Marionette	INFO	Listening on port 42955
1535589603798	Marionette	WARN	TLS certificate errors will be ignored for this session
JavaScript warning: https://www.googletagmanager.com/gtag/js?id=UA-58643-34, line 69: unreachable code after return statement
JavaScript warning: https://www.googletagmanager.com/gtag/js?id=UA-58643-34, line 69: unreachable code after return statement
1535589697285	geckodriver	INFO	geckodriver 0.21.0
1535589697290	geckodriver	INFO	Listening on 127.0.0.1:45155
1535589697300	mozrunner::runner	INFO	Running command: "/usr/bin/firefox" "-marionette" "-headless" "-foreground" "-no-remote" "-profile" "/tmp/rust_mozprofile.6fyS8v8fdVas"
*** You are running in headless mode.
1535589703900	Marionette	INFO	Listening on port 43933
1535589703918	Marionette	WARN	TLS certificate errors will be ignored for this session
JavaScript warning: https://www.googletagmanager.com/gtag/js?id=UA-58643-34, line 69: unreachable code after return statement
JavaScript warning: https://www.googletagmanager.com/gtag/js?id=UA-58643-34, line 69: unreachable code after return statement
*** UTM:SVC TimerManager:registerTimer called after profile-before-change notification. Ignoring timer registration for id: telemetry_modules_ping
1535589842613	geckodriver	INFO	geckodriver 0.21.0
1535589842619	geckodriver	INFO	Listening on 127.0.0.1:49349
1535589843622	mozrunner::runner	INFO	Running command: "/usr/bin/firefox" "-marionette" "-headless" "-foreground" "-no-remote" "-profile" "/tmp/rust_mozprofile.2beuVv9Rp8oU"
*** You are running in headless mode.
1535589855890	geckodriver	INFO	geckodriver 0.21.0
1535589855895	geckodriver	INFO	Listening on 127.0.0.1:34807
1535589856902	mozrunner::runner	INFO	Running command: "/usr/bin/firefox" "-marionette" "-headless" "-foreground" "-no-remote" "-profile" "/tmp/rust_mozprofile.CFw2pikFAijH"
*** You are running in headless mode.
1535589863234	Marionette	INFO	Listening on port 37377
1535589863322	Marionette	WARN	TLS certificate errors will be ignored for this session
JavaScript warning: https://www.googletagmanager.com/gtag/js?id=UA-58643-34, line 69: unreachable code after return statement
JavaScript warning: https://www.googletagmanager.com/gtag/js?id=UA-58643-34, line 69: unreachable code after return statement
1535590066036	geckodriver	INFO	geckodriver 0.21.0
1535590066041	geckodriver	INFO	Listening on 127.0.0.1:43459
1535590067048	mozrunner::runner	INFO	Running command: "/usr/bin/firefox" "-marionette" "-headless" "-foreground" "-no-remote" "-profile" "/tmp/rust_mozprofile.Se2Y4jRDh61O"
*** You are running in headless mode.
1535590069068	geckodriver	INFO	geckodriver 0.21.0
1535590069073	geckodriver	INFO	Listening on 127.0.0.1:58573
1535590070080	mozrunner::runner	INFO	Running command: "/usr/bin/firefox" "-marionette" "-headless" "-foreground" "-no-remote" "-profile" "/tmp/rust_mozprofile.SSX4W2MGrekM"
*** You are running in headless mode.
1535590075968	Marionette	INFO	Listening on port 35235
1535590076007	Marionette	WARN	TLS certificate errors will be ignored for this session
JavaScript warning: https://www.googletagmanager.com/gtag/js?id=UA-58643-34, line 71: unreachable code after return statement
JavaScript warning: https://www.googletagmanager.com/gtag/js?id=UA-58643-34, line 71: unreachable code after return statement
*** UTM:SVC TimerManager:registerTimer called after profile-before-change notification. Ignoring timer registration for id: telemetry_modules_ping
1535590127833	geckodriver	INFO	geckodriver 0.21.0
1535590127838	geckodriver	INFO	Listening on 127.0.0.1:37997
1535590128845	mozrunner::runner	INFO	Running command: "/usr/bin/firefox" "-marionette" "-headless" "-foreground" "-no-remote" "-profile" "/tmp/rust_mozprofile.tQSeg1u1BuNR"
*** You are running in headless mode.
1535590134868	Marionette	INFO	Listening on port 36475
1535590134964	Marionette	WARN	TLS certificate errors will be ignored for this session
JavaScript warning: https://www.googletagmanager.com/gtag/js?id=UA-58643-34, line 71: unreachable code after return statement
JavaScript warning: https://www.googletagmanager.com/gtag/js?id=UA-58643-34, line 71: unreachable code after return statement
*** UTM:SVC TimerManager:registerTimer called after profile-before-change notification. Ignoring timer registration for id: telemetry_modules_ping
1535590269664	geckodriver	INFO	geckodriver 0.21.0
1535590269672	geckodriver	INFO	Listening on 127.0.0.1:50779
1535590270675	mozrunner::runner	INFO	Running command: "/usr/bin/firefox" "-marionette" "-headless" "-foreground" "-no-remote" "-profile" "/tmp/rust_mozprofile.BUzqDuQleJBA"
*** You are running in headless mode.
1535590276727	Marionette	INFO	Listening on port 42761
1535590276793	Marionette	WARN	TLS certificate errors will be ignored for this session
JavaScript warning: https://www.googletagmanager.com/gtag/js?id=UA-58643-34, line 71: unreachable code after return statement
JavaScript warning: https://www.googletagmanager.com/gtag/js?id=UA-58643-34, line 71: unreachable code after return statement
*** UTM:SVC TimerManager:registerTimer called after profile-before-change notification. Ignoring timer registration for id: telemetry_modules_ping
1535590351864	geckodriver	INFO	geckodriver 0.21.0
1535590351869	geckodriver	INFO	Listening on 127.0.0.1:41861
1535590352878	mozrunner::runner	INFO	Running command: "/usr/bin/firefox" "-marionette" "-headless" "-foreground" "-no-remote" "-profile" "/tmp/rust_mozprofile.Fv5xg7GVrq80"
*** You are running in headless mode.
1535590358501	Marionette	INFO	Listening on port 39745
1535590358595	Marionette	WARN	TLS certificate errors will be ignored for this session
JavaScript warning: https://www.googletagmanager.com/gtag/js?id=UA-58643-34, line 71: unreachable code after return statement
JavaScript warning: https://www.googletagmanager.com/gtag/js?id=UA-58643-34, line 71: unreachable code after return statement
*** UTM:SVC TimerManager:registerTimer called after profile-before-change notification. Ignoring timer registration for id: telemetry_modules_ping
1535590757869	geckodriver	INFO	geckodriver 0.21.0
1535590757875	geckodriver	INFO	Listening on 127.0.0.1:40931
1535590758880	mozrunner::runner	INFO	Running command: "/usr/bin/firefox" "-marionette" "-headless" "-foreground" "-no-remote" "-profile" "/tmp/rust_mozprofile.XVvVG26QILS2"
*** You are running in headless mode.
1535590765352	Marionette	INFO	Listening on port 41225
1535590765406	Marionette	WARN	TLS certificate errors will be ignored for this session
JavaScript warning: https://www.googletagmanager.com/gtag/js?id=UA-58643-34, line 71: unreachable code after return statement
JavaScript warning: https://www.googletagmanager.com/gtag/js?id=UA-58643-34, line 71: unreachable code after return statement
1535590785930	addons.productaddons	WARN	Failed downloading XML, status: 0, reason: error
1535590785944	addons.productaddons	WARN	Failed downloading via XHR, status: 0, reason: error
*** UTM:SVC TimerManager:registerTimer called after profile-before-change notification. Ignoring timer registration for id: telemetry_modules_ping
[GFX1-]: Receive IPC close with reason=AbnormalShutdown
[Child 9117, Chrome_ChildThread] WARNING: pipe error (3): Connection reset by peer: file /build/firefox-oscv9o/firefox-61.0.1+build1/ipc/chromium/src/chrome/common/ipc_channel_posix.cc, line 353
[GFX1-]: Receive IPC close with reason=AbnormalShutdown
[Child 9059, Chrome_ChildThread] WARNING: pipe error (3): Connection reset by peer: file /build/firefox-oscv9o/firefox-61.0.1+build1/ipc/chromium/src/chrome/common/ipc_channel_posix.cc, line 353
[GFX1-]: Receive IPC close with reason=AbnormalShutdown
[Child 9388, Chrome_ChildThread] WARNING: pipe error (3): Connection reset by peer: file /build/firefox-oscv9o/firefox-61.0.1+build1/ipc/chromium/src/chrome/common/ipc_channel_posix.cc, line 353
[GFX1-]: Receive IPC close with reason=AbnormalShutdown
[Child 8560, Chrome_ChildThread] WARNING: pipe error (3): Connection reset by peer: file /build/firefox-oscv9o/firefox-61.0.1+build1/ipc/chromium/src/chrome/common/ipc_channel_posix.cc, line 353
[GFX1-]: Receive IPC close with reason=AbnormalShutdown
[Child 9333, Chrome_ChildThread] WARNING: pipe error (3): Connection reset by peer: file /build/firefox-oscv9o/firefox-61.0.1+build1/ipc/chromium/src/chrome/common/ipc_channel_posix.cc, line 353
[GFX1-]: Receive IPC close with reason=AbnormalShutdown
Sandbox: Unexpected EOF, op 0 flags 00 path /usr/share/locale/pt_BR/LC_MESSAGES/libc.mo
[Child 8504, Chrome_ChildThread] WARNING: pipe error (3): Connection reset by peer: file /build/firefox-oscv9o/firefox-61.0.1+build1/ipc/chromium/src/chrome/common/ipc_channel_posix.cc, line 353
[GFX1-]: Receive IPC close with reason=AbnormalShutdown
[Child 8887, Chrome_ChildThread] WARNING: pipe error (3): Connection reset by peer: file /build/firefox-oscv9o/firefox-61.0.1+build1/ipc/chromium/src/chrome/common/ipc_channel_posix.cc, line 353
[GFX1-]: Receive IPC close with reason=AbnormalShutdown
Sandbox: Unexpected EOF, op 0 flags 00 path /usr/share/locale/pt_BR/LC_MESSAGES/libc.mo
[Child 8836, Chrome_ChildThread] WARNING: pipe error (3): Connection reset by peer: file /build/firefox-oscv9o/firefox-61.0.1+build1/ipc/chromium/src/chrome/common/ipc_channel_posix.cc, line 353
[GFX1-]: Receive IPC close with reason=AbnormalShutdown
[Child 23430, Chrome_ChildThread] WARNING: pipe error (3): Connection reset by peer: file /build/firefox-oscv9o/firefox-61.0.1+build1/ipc/chromium/src/chrome/common/ipc_channel_posix.cc, line 353
[GFX1-]: Receive IPC close with reason=AbnormalShutdown
[Child 23372, Chrome_ChildThread] WARNING: pipe error (3): Connection reset by peer: file /build/firefox-oscv9o/firefox-61.0.1+build1/ipc/chromium/src/chrome/common/ipc_channel_posix.cc, line 353
[GFX1-]: Receive IPC close with reason=AbnormalShutdown
[Child 22652, Chrome_ChildThread] WARNING: pipe error (3): Connection reset by peer: file /build/firefox-oscv9o/firefox-61.0.1+build1/ipc/chromium/src/chrome/common/ipc_channel_posix.cc, line 353
[GFX1-]: Receive IPC close with reason=AbnormalShutdown
[Child 22601, Chrome_ChildThread] WARNING: pipe error (3): Connection reset by peer: file /build/firefox-oscv9o/firefox-61.0.1+build1/ipc/chromium/src/chrome/common/ipc_channel_posix.cc, line 353
[GFX1-]: Receive IPC close with reason=AbnormalShutdown
[Child 21816, Chrome_ChildThread] WARNING: pipe error (3): Connection reset by peer: file /build/firefox-oscv9o/firefox-61.0.1+build1/ipc/chromium/src/chrome/common/ipc_channel_posix.cc, line 353
[Child 22339, Chrome_ChildThread] WARNING: pipe error (3): Connection reset by peer: file /build/firefox-oscv9o/firefox-61.0.1+build1/ipc/chromium/src/chrome/common/ipc_channel_posix.cc, line 353
[GFX1-]: Receive IPC close with reason=AbnormalShutdown
[Child 21758, Chrome_ChildThread] WARNING: pipe error (3): Connection reset by peer: file /build/firefox-oscv9o/firefox-61.0.1+build1/ipc/chromium/src/chrome/common/ipc_channel_posix.cc, line 353
1536102787622	geckodriver	INFO	geckodriver 0.21.0
1536102787949	geckodriver	INFO	Listening on 127.0.0.1:60751
1536102788673	mozrunner::runner	INFO	Running command: "/usr/bin/firefox" "-marionette" "-headless" "-foreground" "-no-remote" "-profile" "/tmp/rust_mozprofile.lsv7fTCWga1R"
*** You are running in headless mode.
1536102801502	Marionette	INFO	Listening on port 40205
1536102801513	Marionette	WARN	TLS certificate errors will be ignored for this session
JavaScript warning: http://legendas.tv/cache_js/js-combined.js, line 2: unreachable code after return statement
1536608150893	geckodriver	INFO	geckodriver 0.21.0
1536608150973	geckodriver	INFO	Listening on 127.0.0.1:40877
1536608151775	mozrunner::runner	INFO	Running command: "/usr/bin/firefox" "-marionette" "-headless" "-foreground" "-no-remote" "-profile" "/tmp/rust_mozprofile.mCvGmFecaH10"
*** You are running in headless mode.
1536608163212	Marionette	INFO	Listening on port 39633
1536608163339	Marionette	WARN	TLS certificate errors will be ignored for this session
1536608163396	Marionette	DEBUG	[2147483649] Frame script loaded
1536608163397	Marionette	DEBUG	[2147483649] Frame script registered
1536608163424	Marionette	DEBUG	[2147483649] Received DOM event beforeunload for about:blank
1536608166422	Marionette	DEBUG	[2147483649] Received DOM event pagehide for about:blank
JavaScript warning: http://legendas.tv/cache_js/js-combined.js, line 2: unreachable code after return statement
1536608168331	Marionette	DEBUG	[2147483649] Received DOM event DOMContentLoaded for http://legendas.tv/legendas/-/d/1
1536608169269	Marionette	DEBUG	[2147483649] Received DOM event pageshow for http://legendas.tv/legendas/-/d/1
1536608229032	geckodriver	INFO	geckodriver 0.21.0
1536608229037	geckodriver	INFO	Listening on 127.0.0.1:49807
1536608230039	mozrunner::runner	INFO	Running command: "/usr/bin/firefox" "-marionette" "-headless" "-foreground" "-no-remote" "-profile" "/tmp/rust_mozprofile.hnW1cGvgfQV7"
*** You are running in headless mode.
1536608237025	Marionette	INFO	Listening on port 36469
1536608237063	Marionette	WARN	TLS certificate errors will be ignored for this session
1536608237126	Marionette	DEBUG	[2147483649] Frame script loaded
1536608237127	Marionette	DEBUG	[2147483649] Frame script registered
1536608237149	Marionette	DEBUG	[2147483649] Received DOM event beforeunload for about:blank
1536608238546	Marionette	DEBUG	[2147483649] Received DOM event pagehide for about:blank
JavaScript warning: http://legendas.tv/cache_js/js-combined.js, line 2: unreachable code after return statement
1536608239828	Marionette	DEBUG	[2147483649] Received DOM event DOMContentLoaded for http://legendas.tv/legendas/-/d/1
1536608241725	Marionette	DEBUG	[2147483649] Received DOM event pageshow for http://legendas.tv/legendas/-/d/1
1536608506142	geckodriver	INFO	geckodriver 0.21.0
1536608506148	geckodriver	INFO	Listening on 127.0.0.1:56313
1536608507148	mozrunner::runner	INFO	Running command: "/usr/bin/firefox" "-marionette" "-headless" "-foreground" "-no-remote" "-profile" "/tmp/rust_mozprofile.FIIgTLAv64Rl"
*** You are running in headless mode.
1536608514467	Marionette	INFO	Listening on port 35473
1536608514569	Marionette	WARN	TLS certificate errors will be ignored for this session
1536608514621	Marionette	DEBUG	[2147483649] Frame script loaded
1536608514622	Marionette	DEBUG	[2147483649] Frame script registered
1536608514636	Marionette	DEBUG	[2147483649] Received DOM event beforeunload for about:blank
1536608516191	Marionette	DEBUG	[2147483649] Received DOM event pagehide for about:blank
JavaScript warning: http://legendas.tv/cache_js/js-combined.js, line 2: unreachable code after return statement
1536608518110	Marionette	DEBUG	[2147483649] Received DOM event DOMContentLoaded for http://legendas.tv/legendas/-/d/1
1536608519230	Marionette	DEBUG	[2147483649] Received DOM event pageshow for http://legendas.tv/legendas/-/d/1
1536611205954	geckodriver	INFO	geckodriver 0.21.0
1536611205959	geckodriver	INFO	Listening on 127.0.0.1:51937
1536611206961	mozrunner::runner	INFO	Running command: "/usr/bin/firefox" "-marionette" "-headless" "-foreground" "-no-remote" "-profile" "/tmp/rust_mozprofile.2jvzYGofaOIz"
*** You are running in headless mode.
1536611213154	Marionette	INFO	Listening on port 45491
1536611213184	Marionette	WARN	TLS certificate errors will be ignored for this session
1536611213260	Marionette	DEBUG	[2147483649] Frame script loaded
1536611213261	Marionette	DEBUG	[2147483649] Frame script registered
1536611213283	Marionette	DEBUG	[2147483649] Received DOM event beforeunload for about:blank
1536611214391	Marionette	DEBUG	[2147483649] Received DOM event pagehide for about:blank
JavaScript warning: http://legendas.tv/cache_js/js-combined.js, line 2: unreachable code after return statement
1536611215684	Marionette	DEBUG	[2147483649] Received DOM event DOMContentLoaded for http://legendas.tv/
1536611222970	Marionette	DEBUG	[2147483649] Received DOM event pageshow for http://legendas.tv/
JavaScript warning: http://legendas.tv/cache_js/js-combined.js, line 2: unreachable code after return statement
1536611246374	geckodriver	INFO	geckodriver 0.21.0
1536611246382	geckodriver	INFO	Listening on 127.0.0.1:36699
1536611247384	mozrunner::runner	INFO	Running command: "/usr/bin/firefox" "-marionette" "-headless" "-foreground" "-no-remote" "-profile" "/tmp/rust_mozprofile.oHMZPLUKTAEY"
*** You are running in headless mode.
1536611253423	Marionette	INFO	Listening on port 33707
1536611253501	Marionette	WARN	TLS certificate errors will be ignored for this session
1536611253555	Marionette	DEBUG	[2147483649] Frame script loaded
1536611253564	Marionette	DEBUG	[2147483649] Frame script registered
1536611253579	Marionette	DEBUG	[2147483649] Received DOM event beforeunload for about:blank
1536611254321	Marionette	DEBUG	[2147483649] Received DOM event pagehide for about:blank
JavaScript warning: http://legendas.tv/cache_js/js-combined.js, line 2: unreachable code after return statement
1536611256631	Marionette	DEBUG	[2147483649] Received DOM event DOMContentLoaded for http://legendas.tv/
1536611263239	Marionette	DEBUG	[2147483649] Received DOM event pageshow for http://legendas.tv/
JavaScript warning: http://legendas.tv/cache_js/js-combined.js, line 2: unreachable code after return statement
1536612192814	geckodriver	INFO	geckodriver 0.21.0
1536612192819	geckodriver	INFO	Listening on 127.0.0.1:47983
1536612193823	mozrunner::runner	INFO	Running command: "/usr/bin/firefox" "-marionette" "-headless" "-foreground" "-no-remote" "-profile" "/tmp/rust_mozprofile.ue2pp6yoRroX"
*** You are running in headless mode.
1536612201790	Marionette	INFO	Listening on port 39875
1536612201848	Marionette	WARN	TLS certificate errors will be ignored for this session
1536612201910	Marionette	DEBUG	[2147483649] Frame script loaded
1536612201911	Marionette	DEBUG	[2147483649] Frame script registered
1536612201925	Marionette	DEBUG	[2147483649] Received DOM event beforeunload for about:blank
1536612202764	Marionette	DEBUG	[2147483649] Received DOM event pagehide for about:blank
JavaScript warning: http://legendas.tv/cache_js/js-combined.js, line 2: unreachable code after return statement
1536612204061	Marionette	DEBUG	[2147483649] Received DOM event DOMContentLoaded for http://legendas.tv/
1536612211858	Marionette	DEBUG	[2147483649] Received DOM event pageshow for http://legendas.tv/
JavaScript warning: http://legendas.tv/cache_js/js-combined.js, line 2: unreachable code after return statement
JavaScript warning: http://legendas.tv/cache_js/js-combined.js, line 2: unreachable code after return statement
1536615276602	geckodriver	INFO	geckodriver 0.21.0
1536615276729	geckodriver	INFO	Listening on 127.0.0.1:58319
1536615276737	mozrunner::runner	INFO	Running command: "/usr/bin/firefox" "-marionette" "-headless" "-foreground" "-no-remote" "-profile" "/tmp/rust_mozprofile.XXU6MSEIQmwm"
*** You are running in headless mode.
1536615284167	Marionette	INFO	Listening on port 43391
1536615284261	Marionette	WARN	TLS certificate errors will be ignored for this session
1536615284314	Marionette	DEBUG	[2147483649] Frame script loaded
1536615284315	Marionette	DEBUG	[2147483649] Frame script registered
1536615284335	Marionette	DEBUG	[2147483649] Received DOM event beforeunload for about:blank
1536615284680	Marionette	DEBUG	[2147483649] Received DOM event pagehide for about:blank
JavaScript warning: http://bvmf.bmfbovespa.com.br/WebResource.axd?d=extAwnow2kv0MRjuIn2Ck0ZK6hTxn8RjfCE5ciwBpVfhlzfMuZ8ob2cIzPCWn7eTlu20ikQ65qOcc2txFgatcBHY5XzvBZFXSiZ2XWe4hvQvzAid0d1Vt_N1Zd5XKRcxuQq6GkMR0Ve0bnXGRFGk6lsynipF12Z6PzsrigaxowbbpEAjuNdwbcnk0MVCL9cLihlbBXo40cChCf9UGo6me78LPR81&t=634530817221570672, line 1880: unreachable code after return statement
1536615288505	Marionette	DEBUG	[2147483649] Received DOM event DOMContentLoaded for http://bvmf.bmfbovespa.com.br/cias-listadas/empresas-listadas/ResumoEmpresaPrincipal.aspx?codigoCvm=19569&idioma=pt-br
1536615294756	Marionette	DEBUG	[2147483649] Received DOM event pageshow for http://bvmf.bmfbovespa.com.br/cias-listadas/empresas-listadas/ResumoEmpresaPrincipal.aspx?codigoCvm=19569&idioma=pt-br
1536615515782	geckodriver	INFO	geckodriver 0.21.0
1536615515788	geckodriver	INFO	Listening on 127.0.0.1:37679
1536615516789	mozrunner::runner	INFO	Running command: "/usr/bin/firefox" "-marionette" "-headless" "-foreground" "-no-remote" "-profile" "/tmp/rust_mozprofile.dM6kVXoynPLg"
*** You are running in headless mode.
1536615522992	Marionette	INFO	Listening on port 39747
1536615523023	Marionette	WARN	TLS certificate errors will be ignored for this session
1536615523098	Marionette	DEBUG	[2147483649] Frame script loaded
1536615523099	Marionette	DEBUG	[2147483649] Frame script registered
1536615523117	Marionette	DEBUG	[2147483649] Received DOM event beforeunload for about:blank
1536615523654	Marionette	DEBUG	[2147483649] Received DOM event pagehide for about:blank
JavaScript warning: http://bvmf.bmfbovespa.com.br/WebResource.axd?d=extAwnow2kv0MRjuIn2Ck0ZK6hTxn8RjfCE5ciwBpVfhlzfMuZ8ob2cIzPCWn7eTlu20ikQ65qOcc2txFgatcBHY5XzvBZFXSiZ2XWe4hvQvzAid0d1Vt_N1Zd5XKRcxuQq6GkMR0Ve0bnXGRFGk6lsynipF12Z6PzsrigaxowbbpEAjuNdwbcnk0MVCL9cLihlbBXo40cChCf9UGo6me78LPR81&t=634531012358788864, line 1880: unreachable code after return statement
1536615526395	Marionette	DEBUG	[2147483649] Received DOM event DOMContentLoaded for http://bvmf.bmfbovespa.com.br/cias-listadas/empresas-listadas/ResumoEmpresaPrincipal.aspx?codigoCvm=19569&idioma=pt-br
1536615533725	Marionette	DEBUG	[2147483649] Received DOM event pageshow for http://bvmf.bmfbovespa.com.br/cias-listadas/empresas-listadas/ResumoEmpresaPrincipal.aspx?codigoCvm=19569&idioma=pt-br
1536615919677	geckodriver	INFO	geckodriver 0.21.0
1536615919683	geckodriver	INFO	Listening on 127.0.0.1:47101
1536615920686	mozrunner::runner	INFO	Running command: "/usr/bin/firefox" "-marionette" "-headless" "-foreground" "-no-remote" "-profile" "/tmp/rust_mozprofile.lNPMckNMOUtK"
*** You are running in headless mode.
1536615927559	Marionette	INFO	Listening on port 44065
1536615927612	Marionette	WARN	TLS certificate errors will be ignored for this session
1536615927686	Marionette	DEBUG	[2147483649] Frame script loaded
1536615927692	Marionette	DEBUG	[2147483649] Frame script registered
1536615927708	Marionette	DEBUG	[2147483649] Received DOM event beforeunload for about:blank
1536615928193	Marionette	DEBUG	[2147483649] Received DOM event pagehide for about:blank
1536615933633	Marionette	DEBUG	[2147483649] Received DOM event DOMContentLoaded for http://bvmf.bmfbovespa.com.br/pt-br/mercados/acoes/empresas/ExecutaAcaoConsultaInfoEmp.asp?CodCVM=23264&ViewDoc=0#a
JavaScript error: http://bvmf.bmfbovespa.com.br/pt-br/mercados/acoes/empresas/ExecutaAcaoConsultaInfoEmp.asp?CodCVM=23264&ViewDoc=0#a, line 1: TypeError: parent.resizeFrame is not a function
1536615937748	Marionette	DEBUG	[2147483649] Received DOM event pageshow for http://bvmf.bmfbovespa.com.br/pt-br/mercados/acoes/empresas/ExecutaAcaoConsultaInfoEmp.asp?CodCVM=23264&ViewDoc=0#a
1536616432336	geckodriver	INFO	geckodriver 0.21.0
1536616432485	geckodriver	INFO	Listening on 127.0.0.1:51875
1536616433977	mozrunner::runner	INFO	Running command: "/usr/bin/firefox" "-marionette" "-headless" "-foreground" "-no-remote" "-profile" "/tmp/rust_mozprofile.VDGB9D5wDirs"
*** You are running in headless mode.
1536616471583	Marionette	INFO	Listening on port 38883
1536616471707	Marionette	WARN	TLS certificate errors will be ignored for this session
1536616471763	Marionette	DEBUG	[2147483649] Frame script loaded
1536616471764	Marionette	DEBUG	[2147483649] Frame script registered
1536616472030	Marionette	DEBUG	[2147483649] Received DOM event beforeunload for about:blank
1536616479509	Marionette	DEBUG	[2147483649] Received DOM event pagehide for about:blank
1536616810268	geckodriver	INFO	geckodriver 0.21.0
1536616810273	geckodriver	INFO	Listening on 127.0.0.1:45497
1536616811272	mozrunner::runner	INFO	Running command: "/usr/bin/firefox" "-marionette" "-headless" "-foreground" "-no-remote" "-profile" "/tmp/rust_mozprofile.scesUZbmZkC2"
*** You are running in headless mode.
1536616819506	Marionette	INFO	Listening on port 37535
1536616819594	Marionette	WARN	TLS certificate errors will be ignored for this session
1536616819645	Marionette	DEBUG	[2147483649] Frame script loaded
1536616819647	Marionette	DEBUG	[2147483649] Frame script registered
1536616819662	Marionette	DEBUG	[2147483649] Received DOM event beforeunload for about:blank
1536616819752	Marionette	DEBUG	[2147483649] Received DOM event pagehide for about:blank
1536616828358	Marionette	DEBUG	[2147483649] Received DOM event DOMContentLoaded for http://cotacoes.economia.uol.com.br/bolsas/index.html?indice=.BVSP
1536616833957	Marionette	DEBUG	[2147483649] Received DOM event pageshow for http://cotacoes.economia.uol.com.br/bolsas/index.html?indice=.BVSP
1536618107783	geckodriver	INFO	geckodriver 0.21.0
1536618107908	geckodriver	INFO	Listening on 127.0.0.1:57875
1536618108793	mozrunner::runner	INFO	Running command: "/usr/bin/firefox" "-marionette" "-headless" "-foreground" "-no-remote" "-profile" "/tmp/rust_mozprofile.Vcu9Oe5cMTuw"
*** You are running in headless mode.
1536618117732	Marionette	INFO	Listening on port 38749
1536618117817	Marionette	WARN	TLS certificate errors will be ignored for this session
1536618117885	Marionette	DEBUG	[2147483649] Frame script loaded
1536618117886	Marionette	DEBUG	[2147483649] Frame script registered
1536618117901	Marionette	DEBUG	[2147483649] Received DOM event beforeunload for about:blank
1536618117987	Marionette	DEBUG	[2147483649] Received DOM event pagehide for about:blank
JavaScript error: http://barra.uol.com.br/b/uol.js, line 1: SyntaxError: expected expression, got '<'
1536618123954	Marionette	DEBUG	[2147483649] Received DOM event DOMContentLoaded for http://cotacoes.economia.uol.com.br/index.html
1536618124200	Marionette	DEBUG	[2147483649] Received DOM event pageshow for http://cotacoes.economia.uol.com.br/index.html
1536619144139	geckodriver	INFO	geckodriver 0.21.0
1536619144145	geckodriver	INFO	Listening on 127.0.0.1:60347
1536619145147	mozrunner::runner	INFO	Running command: "/usr/bin/firefox" "-marionette" "-headless" "-foreground" "-no-remote" "-profile" "/tmp/rust_mozprofile.UMXoKeAdirnw"
*** You are running in headless mode.
1536619152923	Marionette	INFO	Listening on port 34311
1536619152971	Marionette	WARN	TLS certificate errors will be ignored for this session
1536619153034	Marionette	DEBUG	[2147483649] Frame script loaded
1536619153036	Marionette	DEBUG	[2147483649] Frame script registered
1536619153050	Marionette	DEBUG	[2147483649] Received DOM event beforeunload for about:blank
1536619156592	Marionette	DEBUG	[2147483649] Received DOM event pagehide for about:blank
1536619163390	Marionette	DEBUG	[2147483649] Received DOM event DOMContentLoaded for https://g1.globo.com/
1536619165574	Marionette	DEBUG	[2147483649] Received observer notification outer-window-destroyed for 2147483657
1536619165577	Marionette	DEBUG	[2147483649] Received observer notification outer-window-destroyed for 2147483659
1536619166964	Marionette	DEBUG	[2147483649] Received observer notification outer-window-destroyed for 2147483664
1536619166967	Marionette	DEBUG	[2147483649] Received observer notification outer-window-destroyed for 2147483666
1536619167400	Marionette	DEBUG	[2147483649] Received observer notification outer-window-destroyed for 2147483660
1536619175256	Marionette	DEBUG	[2147483649] Received DOM event pageshow for https://g1.globo.com/
1536619181716	Marionette	DEBUG	[2147483649] Canceled page load listener because no navigation has been detected
1536619549054	geckodriver	INFO	geckodriver 0.21.0
1536619549061	geckodriver	INFO	Listening on 127.0.0.1:54049
1536619550063	mozrunner::runner	INFO	Running command: "/usr/bin/firefox" "-marionette" "-foreground" "-no-remote" "-profile" "/tmp/rust_mozprofile.pqSNzAsV5lah"

(firefox:29747): Gtk-WARNING **: 19:45:54.841: Theme parsing error: <data>:1:34: Expected ')' in color definition

(firefox:29747): Gtk-WARNING **: 19:45:54.841: Theme parsing error: <data>:1:77: Expected ')' in color definition
1536619560293	Marionette	INFO	Listening on port 43113
1536619560395	Marionette	WARN	TLS certificate errors will be ignored for this session
1536619560447	Marionette	DEBUG	[2147483649] Frame script loaded
1536619560448	Marionette	DEBUG	[2147483649] Frame script registered
1536619560463	Marionette	DEBUG	[2147483649] Received DOM event beforeunload for about:blank
1536619562624	Marionette	DEBUG	[2147483649] Received DOM event pagehide for about:blank
1536619567942	Marionette	DEBUG	[2147483649] Received DOM event DOMContentLoaded for https://g1.globo.com/
1536619574933	Marionette	DEBUG	[2147483649] Received observer notification outer-window-destroyed for 2147483657
1536619574937	Marionette	DEBUG	[2147483649] Received observer notification outer-window-destroyed for 2147483659
1536619577051	Marionette	DEBUG	[2147483649] Received observer notification outer-window-destroyed for 2147483660
1536619577768	Marionette	DEBUG	[2147483649] Received observer notification outer-window-destroyed for 2147483668
1536619577772	Marionette	DEBUG	[2147483649] Received observer notification outer-window-destroyed for 2147483670
1536619578990	Marionette	DEBUG	[2147483649] Received observer notification outer-window-destroyed for 2147483671
1536619582187	Marionette	DEBUG	[2147483649] Received DOM event pageshow for https://g1.globo.com/
1536619602826	Marionette	DEBUG	[2147483649] Canceled page load listener because no navigation has been detected
1536619721450	Marionette	INFO	Stopped listening on port 43113
1536619736428	geckodriver	INFO	geckodriver 0.21.0
1536619736435	geckodriver	INFO	Listening on 127.0.0.1:57497
1536619737440	mozrunner::runner	INFO	Running command: "/usr/bin/firefox" "-marionette" "-foreground" "-no-remote" "-profile" "/tmp/rust_mozprofile.X1XFzLfqP7gf"

(firefox:30106): Gtk-WARNING **: 19:48:59.496: Theme parsing error: <data>:1:34: Expected ')' in color definition

(firefox:30106): Gtk-WARNING **: 19:48:59.496: Theme parsing error: <data>:1:77: Expected ')' in color definition
1536619744719	Marionette	INFO	Listening on port 40365
1536619744760	Marionette	WARN	TLS certificate errors will be ignored for this session
1536619744825	Marionette	DEBUG	[2147483649] Frame script loaded
1536619744826	Marionette	DEBUG	[2147483649] Frame script registered
1536619744841	Marionette	DEBUG	[2147483649] Received DOM event beforeunload for about:blank
1536619749619	Marionette	DEBUG	[2147483649] Received DOM event pagehide for about:blank
1536619755370	Marionette	DEBUG	[2147483649] Received DOM event DOMContentLoaded for https://g1.globo.com/
1536619755996	Marionette	DEBUG	[2147483649] Received observer notification outer-window-destroyed for 2147483657
1536619755999	Marionette	DEBUG	[2147483649] Received observer notification outer-window-destroyed for 2147483659
1536619756616	Marionette	DEBUG	[2147483649] Received observer notification outer-window-destroyed for 2147483663
1536619756618	Marionette	DEBUG	[2147483649] Received observer notification outer-window-destroyed for 2147483665
1536619762984	Marionette	DEBUG	[2147483649] Received observer notification outer-window-destroyed for 2147483660
1536619767356	Marionette	DEBUG	[2147483649] Received DOM event pageshow for https://g1.globo.com/
[Parent 30106, Gecko_IOThread] WARNING: pipe error (71): Conexão fechada pela outra ponta: file /build/firefox-QQUBmW/firefox-62.0+build2/ipc/chromium/src/chrome/common/ipc_channel_posix.cc, line 353
1536621025741	Marionette	INFO	Stopped listening on port 40365
1536621029506	geckodriver	INFO	geckodriver 0.21.0
1536621029515	geckodriver	INFO	Listening on 127.0.0.1:47107
1536621029667	mozrunner::runner	INFO	Running command: "/usr/bin/firefox" "-marionette" "-foreground" "-no-remote" "-profile" "/tmp/rust_mozprofile.gJuhDYOEAaXG"

(firefox:30964): Gtk-WARNING **: 20:10:34.423: Theme parsing error: <data>:1:34: Expected ')' in color definition

(firefox:30964): Gtk-WARNING **: 20:10:34.424: Theme parsing error: <data>:1:77: Expected ')' in color definition
1536621040343	Marionette	INFO	Listening on port 36965
1536621040630	Marionette	WARN	TLS certificate errors will be ignored for this session
1536621040690	Marionette	DEBUG	[2147483649] Frame script loaded
1536621040694	Marionette	DEBUG	[2147483649] Frame script registered
1536621040715	Marionette	DEBUG	[2147483649] Received DOM event beforeunload for about:blank
1536621044832	Marionette	DEBUG	[2147483649] Received DOM event pagehide for about:blank
1536621054149	Marionette	DEBUG	[2147483649] Received observer notification outer-window-destroyed for 2147483657
1536621054188	Marionette	DEBUG	[2147483649] Received observer notification outer-window-destroyed for 2147483659
1536621054310	Marionette	DEBUG	[2147483649] Received DOM event DOMContentLoaded for https://g1.globo.com/
1536621057623	Marionette	DEBUG	[2147483649] Received observer notification outer-window-destroyed for 2147483663
1536621057664	Marionette	DEBUG	[2147483649] Received observer notification outer-window-destroyed for 2147483666
1536621058516	Marionette	DEBUG	[2147483649] Received observer notification outer-window-destroyed for 2147483660
1536621059522	Marionette	DEBUG	[2147483649] Received observer notification outer-window-destroyed for 2147483664
1536621060604	Marionette	DEBUG	[2147483649] Received observer notification outer-window-destroyed for 2147483667
1536621064648	Marionette	DEBUG	[2147483649] Received DOM event pageshow for https://g1.globo.com/
[Parent 30964, Gecko_IOThread] WARNING: pipe error (72): Conexão fechada pela outra ponta: file /build/firefox-QQUBmW/firefox-62.0+build2/ipc/chromium/src/chrome/common/ipc_channel_posix.cc, line 353
1536621739827	Marionette	INFO	Stopped listening on port 36965
[Parent 17426, Gecko_IOThread] WARNING: pipe error (64): Conexão fechada pela outra ponta: file /build/firefox-QQUBmW/firefox-62.0+build2/ipc/chromium/src/chrome/common/ipc_channel_posix.cc, line 353

###!!! [Child][RunMessage] Error: Channel closing: too late to send/recv, messages will be lost


###!!! [Child][RunMessage] Error: Channel closing: too late to send/recv, messages will be lost


###!!! [Child][RunMessage] Error: Channel closing: too late to send/recv, messages will be lost


###!!! [Child][RunMessage] Error: Channel closing: too late to send/recv, messages will be lost

1536627631655	geckodriver	INFO	geckodriver 0.21.0
1536627631747	geckodriver	INFO	Listening on 127.0.0.1:38621
1536627632538	mozrunner::runner	INFO	Running command: "/usr/bin/firefox" "-marionette" "-headless" "-foreground" "-no-remote" "-profile" "/tmp/rust_mozprofile.rPuCS3rHVH6r"
*** You are running in headless mode.
1536627641020	Marionette	INFO	Listening on port 45221
1536627641072	Marionette	WARN	TLS certificate errors will be ignored for this session
1536627641124	Marionette	DEBUG	[2147483649] Frame script loaded
1536627641202	Marionette	DEBUG	[2147483649] Frame script registered
1536627650710	geckodriver	INFO	geckodriver 0.21.0
1536627650716	geckodriver	INFO	Listening on 127.0.0.1:55261
1536627651715	mozrunner::runner	INFO	Running command: "/usr/bin/firefox" "-marionette" "-headless" "-foreground" "-no-remote" "-profile" "/tmp/rust_mozprofile.c8EXtt3zUDND"
*** You are running in headless mode.
1536627659820	Marionette	INFO	Listening on port 39563
1536627659845	Marionette	WARN	TLS certificate errors will be ignored for this session
1536627659904	Marionette	DEBUG	[2147483649] Frame script loaded
1536627659905	Marionette	DEBUG	[2147483649] Frame script registered
1536627659928	Marionette	DEBUG	[2147483649] Received DOM event beforeunload for about:blank
1536627662362	Marionette	DEBUG	[2147483649] Received DOM event pagehide for about:blank
1536627664809	Marionette	DEBUG	[2147483649] Received DOM event DOMContentLoaded for https://www.mercadolivre.com.br/
1536627664932	Marionette	DEBUG	[2147483649] Received DOM event pageshow for https://www.mercadolivre.com.br/
[GFX1-]: Receive IPC close with reason=AbnormalShutdown
Sandbox: Unexpected EOF, op 0 flags 00 path /usr/share/locale/pt_BR/LC_MESSAGES/libc.mo
[Child 4316, Chrome_ChildThread] WARNING: pipe error (3): Connection reset by peer: file /build/firefox-QQUBmW/firefox-62.0+build2/ipc/chromium/src/chrome/common/ipc_channel_posix.cc, line 353
1536632167466	geckodriver	INFO	geckodriver 0.21.0
1536632167472	geckodriver	INFO	Listening on 127.0.0.1:42773
1536632168478	mozrunner::runner	INFO	Running command: "/usr/bin/firefox" "-marionette" "-headless" "-foreground" "-no-remote" "-profile" "/tmp/rust_mozprofile.nny2F21iR6km"
*** You are running in headless mode.
1536632174765	Marionette	INFO	Listening on port 45949
1536632174799	Marionette	WARN	TLS certificate errors will be ignored for this session
1536632174892	Marionette	DEBUG	[2147483649] Frame script loaded
1536632174900	Marionette	DEBUG	[2147483649] Frame script registered
1536632174920	Marionette	DEBUG	[2147483649] Received DOM event beforeunload for about:blank
1536632177556	Marionette	DEBUG	[2147483649] Received DOM event pagehide for about:blank
1536632177852	Marionette	DEBUG	[2147483649] Received DOM event DOMContentLoaded for https://www.mercadolivre.com.br/
1536632178023	Marionette	DEBUG	[2147483649] Received DOM event pageshow for https://www.mercadolivre.com.br/
1536632225702	geckodriver	INFO	geckodriver 0.21.0
1536632225707	geckodriver	INFO	Listening on 127.0.0.1:39093
1536632226712	mozrunner::runner	INFO	Running command: "/usr/bin/firefox" "-marionette" "-headless" "-foreground" "-no-remote" "-profile" "/tmp/rust_mozprofile.ezljDFwwH7PJ"
*** You are running in headless mode.
1536632232873	Marionette	INFO	Listening on port 43371
1536632232932	Marionette	WARN	TLS certificate errors will be ignored for this session
1536632233008	Marionette	DEBUG	[2147483649] Frame script loaded
1536632233012	Marionette	DEBUG	[2147483649] Frame script registered
1536632233028	Marionette	DEBUG	[2147483649] Received DOM event beforeunload for about:blank
1536632234510	Marionette	DEBUG	[2147483649] Received DOM event pagehide for about:blank
1536632235854	Marionette	DEBUG	[2147483649] Received DOM event DOMContentLoaded for https://www.mercadolivre.com.br/
1536632236114	Marionette	DEBUG	[2147483649] Received DOM event pageshow for https://www.mercadolivre.com.br/
1536632689503	geckodriver	INFO	geckodriver 0.21.0
1536632689510	geckodriver	INFO	Listening on 127.0.0.1:52573
1536632690513	mozrunner::runner	INFO	Running command: "/usr/bin/firefox" "-marionette" "-headless" "-foreground" "-no-remote" "-profile" "/tmp/rust_mozprofile.Lp1bydzdUcSz"
*** You are running in headless mode.
1536632696150	Marionette	INFO	Listening on port 33283
1536632696229	Marionette	WARN	TLS certificate errors will be ignored for this session
1536632696286	Marionette	DEBUG	[2147483649] Frame script loaded
1536632696290	Marionette	DEBUG	[2147483649] Frame script registered
1536632696306	Marionette	DEBUG	[2147483649] Received DOM event beforeunload for about:blank
1536632697824	Marionette	DEBUG	[2147483649] Received DOM event pagehide for about:blank
1536632698105	Marionette	DEBUG	[2147483649] Received DOM event DOMContentLoaded for https://www.mercadolivre.com.br/
1536632698200	Marionette	DEBUG	[2147483649] Received DOM event pageshow for https://www.mercadolivre.com.br/
1536633043376	geckodriver	INFO	geckodriver 0.21.0
1536633043381	geckodriver	INFO	Listening on 127.0.0.1:54049
1536633044387	mozrunner::runner	INFO	Running command: "/usr/bin/firefox" "-marionette" "-headless" "-foreground" "-no-remote" "-profile" "/tmp/rust_mozprofile.BGk2YCvb3vKK"
*** You are running in headless mode.
1536633050903	Marionette	INFO	Listening on port 43597
1536633051003	Marionette	WARN	TLS certificate errors will be ignored for this session
1536633051056	Marionette	DEBUG	[2147483649] Frame script loaded
1536633051057	Marionette	DEBUG	[2147483649] Frame script registered
1536633051072	Marionette	DEBUG	[2147483649] Received DOM event beforeunload for about:blank
1536633053537	Marionette	DEBUG	[2147483649] Received DOM event pagehide for about:blank
1536633053837	Marionette	DEBUG	[2147483649] Received DOM event DOMContentLoaded for https://www.mercadolivre.com.br/
1536633053942	Marionette	DEBUG	[2147483649] Received DOM event pageshow for https://www.mercadolivre.com.br/
1536633107480	geckodriver	INFO	geckodriver 0.21.0
1536633107487	geckodriver	INFO	Listening on 127.0.0.1:37145
1536633108491	mozrunner::runner	INFO	Running command: "/usr/bin/firefox" "-marionette" "-headless" "-foreground" "-no-remote" "-profile" "/tmp/rust_mozprofile.sPlzjaGBlsqT"
*** You are running in headless mode.
1536633114514	Marionette	INFO	Listening on port 40853
1536633114608	Marionette	WARN	TLS certificate errors will be ignored for this session
1536633114667	Marionette	DEBUG	[2147483649] Frame script loaded
1536633114668	Marionette	DEBUG	[2147483649] Frame script registered
1536633114685	Marionette	DEBUG	[2147483649] Received DOM event beforeunload for about:blank
1536633116195	Marionette	DEBUG	[2147483649] Received DOM event pagehide for about:blank
1536633116457	Marionette	DEBUG	[2147483649] Received DOM event DOMContentLoaded for https://www.mercadolivre.com.br/
1536633116606	Marionette	DEBUG	[2147483649] Received DOM event pageshow for https://www.mercadolivre.com.br/
1536633181533	geckodriver	INFO	geckodriver 0.21.0
1536633181540	geckodriver	INFO	Listening on 127.0.0.1:60973
1536633182541	mozrunner::runner	INFO	Running command: "/usr/bin/firefox" "-marionette" "-headless" "-foreground" "-no-remote" "-profile" "/tmp/rust_mozprofile.Xi25Vs7s67Co"
*** You are running in headless mode.
1536633188737	Marionette	INFO	Listening on port 41037
1536633188758	Marionette	WARN	TLS certificate errors will be ignored for this session
1536633188841	Marionette	DEBUG	[2147483649] Frame script loaded
1536633188856	Marionette	DEBUG	[2147483649] Frame script registered
1536633188875	Marionette	DEBUG	[2147483649] Received DOM event beforeunload for about:blank
1536633194111	Marionette	DEBUG	[2147483649] Received DOM event pagehide for about:blank
1536633195175	Marionette	DEBUG	[2147483649] Received DOM event DOMContentLoaded for https://www.mercadolivre.com.br/
1536633203306	Marionette	DEBUG	[2147483649] Received DOM event pageshow for https://www.mercadolivre.com.br/
1536633397805	geckodriver	INFO	geckodriver 0.21.0
1536633397811	geckodriver	INFO	Listening on 127.0.0.1:53093
1536633398814	mozrunner::runner	INFO	Running command: "/usr/bin/firefox" "-marionette" "-headless" "-foreground" "-no-remote" "-profile" "/tmp/rust_mozprofile.hzsGrtduzLtw"
*** You are running in headless mode.
1536633404772	Marionette	INFO	Listening on port 35947
1536633404830	Marionette	WARN	TLS certificate errors will be ignored for this session
1536633404899	Marionette	DEBUG	[2147483649] Frame script loaded
1536633404903	Marionette	DEBUG	[2147483649] Frame script registered
1536633404929	Marionette	DEBUG	[2147483649] Received DOM event beforeunload for about:blank
1536633413726	Marionette	DEBUG	[2147483649] Received DOM event pagehide for about:blank
1536633414172	Marionette	DEBUG	[2147483649] Received DOM event DOMContentLoaded for https://www.mercadolivre.com.br/
1536633414319	Marionette	DEBUG	[2147483649] Received DOM event pageshow for https://www.mercadolivre.com.br/
1536633726355	geckodriver	INFO	geckodriver 0.21.0
1536633726363	geckodriver	INFO	Listening on 127.0.0.1:60567
1536633727362	mozrunner::runner	INFO	Running command: "/usr/bin/firefox" "-marionette" "-headless" "-foreground" "-no-remote" "-profile" "/tmp/rust_mozprofile.nBWUweDwtgEE"
*** You are running in headless mode.
1536633733601	Marionette	INFO	Listening on port 38843
1536633733687	Marionette	WARN	TLS certificate errors will be ignored for this session
1536633733762	Marionette	DEBUG	[2147483649] Frame script loaded
1536633733763	Marionette	DEBUG	[2147483649] Frame script registered
1536633733780	Marionette	DEBUG	[2147483649] Received DOM event beforeunload for about:blank
1536633735077	Marionette	DEBUG	[2147483649] Received DOM event pagehide for about:blank
1536633735377	Marionette	DEBUG	[2147483649] Received DOM event DOMContentLoaded for https://www.mercadolivre.com.br/
1536633740162	Marionette	DEBUG	[2147483649] Received DOM event pageshow for https://www.mercadolivre.com.br/
